  Draw.cpp
  bird.cpp
x:\users\pznp111\dropbox\coding test\lab1 - copy\lab1\bird.h(165): warning C4018: '<': signed/unsigned mismatch
x:\users\pznp111\dropbox\coding test\lab1 - copy\lab1\bird.h(173): warning C4018: '<': signed/unsigned mismatch
x:\users\pznp111\dropbox\coding test\lab1 - copy\lab1\bird.h(180): warning C4018: '<': signed/unsigned mismatch
x:\users\pznp111\dropbox\coding test\lab1 - copy\lab1\bird.h(188): warning C4018: '<': signed/unsigned mismatch
x:\users\pznp111\dropbox\coding test\lab1 - copy\lab1\bird.h(199): warning C4018: '<': signed/unsigned mismatch
  main.cpp
x:\users\pznp111\dropbox\coding test\lab1 - copy\lab1\bird.h(165): warning C4018: '<': signed/unsigned mismatch
x:\users\pznp111\dropbox\coding test\lab1 - copy\lab1\bird.h(173): warning C4018: '<': signed/unsigned mismatch
x:\users\pznp111\dropbox\coding test\lab1 - copy\lab1\bird.h(180): warning C4018: '<': signed/unsigned mismatch
x:\users\pznp111\dropbox\coding test\lab1 - copy\lab1\bird.h(188): warning C4018: '<': signed/unsigned mismatch
x:\users\pznp111\dropbox\coding test\lab1 - copy\lab1\bird.h(199): warning C4018: '<': signed/unsigned mismatch
main.cpp(317): warning C4018: '<': signed/unsigned mismatch
main.cpp(437): warning C4018: '<': signed/unsigned mismatch
main.cpp(481): warning C4018: '<': signed/unsigned mismatch
main.cpp(485): warning C4018: '<': signed/unsigned mismatch
main.cpp(494): warning C4018: '<': signed/unsigned mismatch
main.cpp(509): warning C4018: '<': signed/unsigned mismatch
main.cpp(537): warning C4018: '<': signed/unsigned mismatch
  Generating code
  7 of 445 functions ( 1.6%) were compiled, the rest were copied from previous compilation.
    0 functions were new in current compilation
    2 functions had inline decision re-evaluated but remain unchanged
  Finished generating code
  Lab1.vcxproj -> X:\Users\pznp111\Dropbox\coding test\Lab1 - Copy\Release\Lab1.exe
